<?xml version="1.0" encoding="UTF-8"?>
<!-- Generated by org.testng.reporters.JUnitReportReporter -->
<testsuite hostname="Deepaks-MacBook-Pro-3.local" name="com.app.work.TestiTunesSearchApi" tests="4" failures="0" timestamp="13 Dec 2016 07:59:41 GMT" time="2.047" errors="0">
  <testcase name="_testSearchTermCountry" time="0.181" classname="com.app.work.TestiTunesSearchApi"/>
  <testcase name="_testSearchTermCountryMediaWithLimit" time="0.175" classname="com.app.work.TestiTunesSearchApi"/>
  <testcase name="_testSearchTerm" time="1.513" classname="com.app.work.TestiTunesSearchApi"/>
  <testcase name="_testSearchTermCountryMedia" time="0.178" classname="com.app.work.TestiTunesSearchApi"/>
</testsuite> <!-- com.app.work.TestiTunesSearchApi -->
